<?xml version="1.0" encoding="UTF-8"?>
<coverage generated="1783960801381" clover="3.2.0">
  <project timestamp="1783960801381" name="All files">
    <metrics statements="12" coveredstatements="12" conditionals="2" coveredconditionals="2" methods="5" coveredmethods="5" elements="19" coveredelements="19" complexity="0" loc="12" ncloc="12" packages="2" files="6" classes="6"/>
    <package name="lib">
      <metrics statements="10" coveredstatements="10" conditionals="2" coveredconditionals="2" methods="5" coveredmethods="5"/>
      <file name="avatar-color.ts" path="/home/rapra/Universidad/calidad_software/modulo3/blogapp-react/src/lib/avatar-color.ts">
        <metrics statements="3" coveredstatements="3" conditionals="0" coveredconditionals="0" methods="2" coveredmethods="2"/>
        <line num="2" count="1" type="stmt"/>
        <line num="8" count="33" type="stmt"/>
        <line num="9" count="5" type="stmt"/>
      </file>
      <file name="jwt.ts" path="/home/rapra/Universidad/calidad_software/modulo3/blogapp-react/src/lib/jwt.ts">
        <metrics statements="4" coveredstatements="4" conditionals="0" coveredconditionals="0" methods="1" coveredmethods="1"/>
        <line num="3" count="3" type="stmt"/>
        <line num="4" count="3" type="stmt"/>
        <line num="5" count="3" type="stmt"/>
        <line num="7" count="2" type="stmt"/>
      </file>
      <file name="urls.ts" path="/home/rapra/Universidad/calidad_software/modulo3/blogapp-react/src/lib/urls.ts">
        <metrics statements="2" coveredstatements="2" conditionals="2" coveredconditionals="2" methods="1" coveredmethods="1"/>
        <line num="3" count="2" type="cond" truecount="2" falsecount="0"/>
        <line num="4" count="1" type="stmt"/>
      </file>
      <file name="utils.ts" path="/home/rapra/Universidad/calidad_software/modulo3/blogapp-react/src/lib/utils.ts">
        <metrics statements="1" coveredstatements="1" conditionals="0" coveredconditionals="0" methods="1" coveredmethods="1"/>
        <line num="5" count="3" type="stmt"/>
      </file>
    </package>
    <package name="test.mocks">
      <metrics statements="2" coveredstatements="2" conditionals="0" coveredconditionals="0" methods="0" coveredmethods="0"/>
      <file name="handlers.ts" path="/home/rapra/Universidad/calidad_software/modulo3/blogapp-react/src/test/mocks/handlers.ts">
        <metrics statements="1" coveredstatements="1" conditionals="0" coveredconditionals="0" methods="0" coveredmethods="0"/>
        <line num="4" count="4" type="stmt"/>
      </file>
      <file name="server.ts" path="/home/rapra/Universidad/calidad_software/modulo3/blogapp-react/src/test/mocks/server.ts">
        <metrics statements="1" coveredstatements="1" conditionals="0" coveredconditionals="0" methods="0" coveredmethods="0"/>
        <line num="5" count="4" type="stmt"/>
      </file>
    </package>
  </project>
</coverage>
