{"/home/rapra/Universidad/calidad_software/modulo3/blogapp-react/src/lib/avatar-color.ts": {"path":"/home/rapra/Universidad/calidad_software/modulo3/blogapp-react/src/lib/avatar-color.ts","statementMap":{"0":{"start":{"line":2,"column":16},"end":{"line":5,"column":null}},"1":{"start":{"line":8,"column":15},"end":{"line":8,"column":null}},"2":{"start":{"line":8,"column":56},"end":{"line":8,"column":82}},"3":{"start":{"line":9,"column":2},"end":{"line":9,"column":null}}},"fnMap":{"0":{"name":"avatarColor","decl":{"start":{"line":7,"column":16},"end":{"line":7,"column":28}},"loc":{"start":{"line":7,"column":46},"end":{"line":10,"column":null}},"line":7},"1":{"name":"(anonymous_1)","decl":{"start":{"line":8,"column":34},"end":{"line":8,"column":42}},"loc":{"start":{"line":8,"column":56},"end":{"line":8,"column":82}},"line":8}},"branchMap":{},"s":{"0":1,"1":5,"2":33,"3":5},"f":{"0":5,"1":33},"b":{},"meta":{"lastBranch":0,"lastFunction":2,"lastStatement":4,"seen":{"s:2:16:5:Infinity":0,"f:7:16:7:28":0,"s:8:15:8:Infinity":1,"f:8:34:8:42":1,"s:8:56:8:82":2,"s:9:2:9:Infinity":3},"fnNames":{}}}
,"/home/rapra/Universidad/calidad_software/modulo3/blogapp-react/src/lib/jwt.ts": {"path":"/home/rapra/Universidad/calidad_software/modulo3/blogapp-react/src/lib/jwt.ts","statementMap":{"0":{"start":{"line":3,"column":2},"end":{"line":8,"column":null}},"1":{"start":{"line":4,"column":20},"end":{"line":4,"column":null}},"2":{"start":{"line":5,"column":4},"end":{"line":5,"column":null}},"3":{"start":{"line":7,"column":4},"end":{"line":7,"column":null}}},"fnMap":{"0":{"name":"decodeToken","decl":{"start":{"line":2,"column":16},"end":{"line":2,"column":28}},"loc":{"start":{"line":2,"column":66},"end":{"line":9,"column":null}},"line":2}},"branchMap":{},"s":{"0":3,"1":3,"2":3,"3":2},"f":{"0":3},"b":{},"meta":{"lastBranch":0,"lastFunction":1,"lastStatement":4,"seen":{"f:2:16:2:28":0,"s:3:2:8:Infinity":0,"s:4:20:4:Infinity":1,"s:5:4:5:Infinity":2,"s:7:4:7:Infinity":3},"fnNames":{}}}
,"/home/rapra/Universidad/calidad_software/modulo3/blogapp-react/src/lib/urls.ts": {"path":"/home/rapra/Universidad/calidad_software/modulo3/blogapp-react/src/lib/urls.ts","statementMap":{"0":{"start":{"line":3,"column":2},"end":{"line":3,"column":null}},"1":{"start":{"line":3,"column":17},"end":{"line":3,"column":null}},"2":{"start":{"line":4,"column":2},"end":{"line":4,"column":null}}},"fnMap":{"0":{"name":"profileImageUrl","decl":{"start":{"line":2,"column":16},"end":{"line":2,"column":32}},"loc":{"start":{"line":2,"column":51},"end":{"line":5,"column":null}},"line":2}},"branchMap":{"0":{"loc":{"start":{"line":3,"column":2},"end":{"line":3,"column":null}},"type":"if","locations":[{"start":{"line":3,"column":2},"end":{"line":3,"column":null}},{"start":{},"end":{}}],"line":3}},"s":{"0":2,"1":1,"2":1},"f":{"0":2},"b":{"0":[1,1]},"meta":{"lastBranch":1,"lastFunction":1,"lastStatement":3,"seen":{"f:2:16:2:32":0,"b:3:2:3:Infinity:undefined:undefined:undefined:undefined":0,"s:3:2:3:Infinity":0,"s:3:17:3:Infinity":1,"s:4:2:4:Infinity":2},"fnNames":{}}}
,"/home/rapra/Universidad/calidad_software/modulo3/blogapp-react/src/lib/utils.ts": {"path":"/home/rapra/Universidad/calidad_software/modulo3/blogapp-react/src/lib/utils.ts","statementMap":{"0":{"start":{"line":5,"column":2},"end":{"line":5,"column":null}}},"fnMap":{"0":{"name":"cn","decl":{"start":{"line":4,"column":16},"end":{"line":4,"column":19}},"loc":{"start":{"line":4,"column":44},"end":{"line":6,"column":null}},"line":4}},"branchMap":{},"s":{"0":3},"f":{"0":3},"b":{},"meta":{"lastBranch":0,"lastFunction":1,"lastStatement":1,"seen":{"f:4:16:4:19":0,"s:5:2:5:Infinity":0},"fnNames":{}}}
,"/home/rapra/Universidad/calidad_software/modulo3/blogapp-react/src/test/mocks/handlers.ts": {"path":"/home/rapra/Universidad/calidad_software/modulo3/blogapp-react/src/test/mocks/handlers.ts","statementMap":{"0":{"start":{"line":4,"column":39},"end":{"line":4,"column":null}}},"fnMap":{},"branchMap":{},"s":{"0":4},"f":{},"b":{},"meta":{"lastBranch":0,"lastFunction":0,"lastStatement":1,"seen":{"s:4:39:4:Infinity":0},"fnNames":{}}}
,"/home/rapra/Universidad/calidad_software/modulo3/blogapp-react/src/test/mocks/server.ts": {"path":"/home/rapra/Universidad/calidad_software/modulo3/blogapp-react/src/test/mocks/server.ts","statementMap":{"0":{"start":{"line":5,"column":22},"end":{"line":5,"column":null}}},"fnMap":{},"branchMap":{},"s":{"0":4},"f":{},"b":{},"meta":{"lastBranch":0,"lastFunction":0,"lastStatement":1,"seen":{"s:5:22:5:Infinity":0},"fnNames":{}}}
}
